<?xml version="1.0" encoding="UTF-8"?>
<!-- Generated by org.testng.reporters.JUnitReportReporter -->
<testsuite hostname="LAPTOP-PRLIOCDE" failures="0" tests="6" name="testclass.ToverifyActitime" time="0.024" errors="0" timestamp="2021-11-13T13:23:44 IST" skipped="0">
  <testcase classname="testclass.ToverifyActitime" name="testB" time="0.010"/>
  <system-out/>
  <testcase classname="testclass.ToverifyActitime" name="testB" time="0.004"/>
  <system-out/>
  <testcase classname="testclass.ToverifyActitime" name="testB" time="0.004"/>
  <system-out/>
  <testcase classname="testclass.ToverifyActitime" name="testA" time="0.003"/>
  <system-out/>
  <testcase classname="testclass.ToverifyActitime" name="testD" time="0.001"/>
  <system-out/>
  <testcase classname="testclass.ToverifyActitime" name="testC" time="0.002"/>
  <system-out/>
</testsuite> <!-- testclass.ToverifyActitime -->
